  main.cpp
D:\An III\Sem 1 2021-2022\PG\Lab\#Proiect\Proiect\main.cpp(136,64): warning C4244: '-=': conversion from 'double' to 'float', possible loss of data
D:\An III\Sem 1 2021-2022\PG\Lab\#Proiect\Proiect\main.cpp(158,64): warning C4244: '-=': conversion from 'double' to 'float', possible loss of data
D:\An III\Sem 1 2021-2022\PG\Lab\#Proiect\Proiect\main.cpp(174,64): warning C4244: '+=': conversion from 'double' to 'float', possible loss of data
D:\An III\Sem 1 2021-2022\PG\Lab\#Proiect\Proiect\main.cpp(190,64): warning C4244: '+=': conversion from 'double' to 'float', possible loss of data
D:\An III\Sem 1 2021-2022\PG\Lab\#Proiect\Proiect\main.cpp(225,54): warning C4244: 'argument': conversion from 'double' to 'float', possible loss of data
D:\An III\Sem 1 2021-2022\PG\Lab\#Proiect\Proiect\main.cpp(308,17): warning C4244: '=': conversion from 'double' to 'float', possible loss of data
D:\An III\Sem 1 2021-2022\PG\Lab\#Proiect\Proiect\main.cpp(309,17): warning C4244: '=': conversion from 'double' to 'float', possible loss of data
D:\An III\Sem 1 2021-2022\PG\Lab\#Proiect\Proiect\main.cpp(313,19): warning C4244: 'initializing': conversion from 'double' to 'float', possible loss of data
D:\An III\Sem 1 2021-2022\PG\Lab\#Proiect\Proiect\main.cpp(314,19): warning C4244: 'initializing': conversion from 'double' to 'float', possible loss of data
D:\An III\Sem 1 2021-2022\PG\Lab\#Proiect\Proiect\main.cpp(316,13): warning C4244: '=': conversion from 'double' to 'float', possible loss of data
D:\An III\Sem 1 2021-2022\PG\Lab\#Proiect\Proiect\main.cpp(317,13): warning C4244: '=': conversion from 'double' to 'float', possible loss of data
D:\An III\Sem 1 2021-2022\PG\Lab\#Proiect\Proiect\main.cpp(392,30): warning C4305: '+=': truncation from 'double' to 'T'
          with
          [
              T=float
          ]
D:\An III\Sem 1 2021-2022\PG\Lab\#Proiect\Proiect\main.cpp(399,30): warning C4305: '-=': truncation from 'double' to 'T'
          with
          [
              T=float
          ]
  Generating code
  24 of 1871 functions ( 1.3%) were compiled, the rest were copied from previous compilation.
    0 functions were new in current compilation
    23 functions had inline decision re-evaluated but remain unchanged
  Finished generating code
LINK : warning LNK4286: symbol '__glewUniform1i' defined in 'libglew32.lib(glew.obj)' is imported by 'Mesh.obj'
LINK : warning LNK4286: symbol '__glewBindBuffer' defined in 'libglew32.lib(glew.obj)' is imported by 'Mesh.obj'
LINK : warning LNK4286: symbol '__glewVertexAttribPointer' defined in 'libglew32.lib(glew.obj)' is imported by 'Mesh.obj'
LINK : warning LNK4286: symbol '__glewBindVertexArray' defined in 'libglew32.lib(glew.obj)' is imported by 'Mesh.obj'
LINK : warning LNK4286: symbol '__glewEnableVertexAttribArray' defined in 'libglew32.lib(glew.obj)' is imported by 'Mesh.obj'
LINK : warning LNK4286: symbol '__glewGenBuffers' defined in 'libglew32.lib(glew.obj)' is imported by 'Mesh.obj'
LINK : warning LNK4286: symbol '__glewGenVertexArrays' defined in 'libglew32.lib(glew.obj)' is imported by 'Mesh.obj'
LINK : warning LNK4286: symbol '__glewActiveTexture' defined in 'libglew32.lib(glew.obj)' is imported by 'Mesh.obj'
LINK : warning LNK4286: symbol '__glewBufferData' defined in 'libglew32.lib(glew.obj)' is imported by 'Mesh.obj'
LINK : warning LNK4286: symbol '__glewGetUniformLocation' defined in 'libglew32.lib(glew.obj)' is imported by 'Mesh.obj'
LINK : warning LNK4286: symbol '__glewDeleteBuffers' defined in 'libglew32.lib(glew.obj)' is imported by 'Model3D.obj'
LINK : warning LNK4286: symbol '__glewGenerateMipmap' defined in 'libglew32.lib(glew.obj)' is imported by 'Model3D.obj'
LINK : warning LNK4286: symbol '__glewDeleteVertexArrays' defined in 'libglew32.lib(glew.obj)' is imported by 'Model3D.obj'
LINK : warning LNK4286: symbol '__glewLinkProgram' defined in 'libglew32.lib(glew.obj)' is imported by 'Shader.obj'
LINK : warning LNK4286: symbol '__glewDeleteShader' defined in 'libglew32.lib(glew.obj)' is imported by 'Shader.obj'
LINK : warning LNK4286: symbol '__glewGetProgramInfoLog' defined in 'libglew32.lib(glew.obj)' is imported by 'Shader.obj'
LINK : warning LNK4286: symbol '__glewShaderSource' defined in 'libglew32.lib(glew.obj)' is imported by 'Shader.obj'
LINK : warning LNK4286: symbol '__glewAttachShader' defined in 'libglew32.lib(glew.obj)' is imported by 'Shader.obj'
LINK : warning LNK4286: symbol '__glewGetProgramiv' defined in 'libglew32.lib(glew.obj)' is imported by 'Shader.obj'
LINK : warning LNK4286: symbol '__glewGetShaderInfoLog' defined in 'libglew32.lib(glew.obj)' is imported by 'Shader.obj'
LINK : warning LNK4286: symbol '__glewCreateProgram' defined in 'libglew32.lib(glew.obj)' is imported by 'Shader.obj'
LINK : warning LNK4286: symbol '__glewCreateShader' defined in 'libglew32.lib(glew.obj)' is imported by 'Shader.obj'
LINK : warning LNK4286: symbol '__glewCompileShader' defined in 'libglew32.lib(glew.obj)' is imported by 'Shader.obj'
LINK : warning LNK4286: symbol '__glewGetShaderiv' defined in 'libglew32.lib(glew.obj)' is imported by 'Shader.obj'
LINK : warning LNK4286: symbol '__glewUseProgram' defined in 'libglew32.lib(glew.obj)' is imported by 'Shader.obj'
LINK : warning LNK4286: symbol '__glewUniformMatrix4fv' defined in 'libglew32.lib(glew.obj)' is imported by 'SkyBox.obj'
LINK : warning LNK4286: symbol 'glewInit' defined in 'libglew32.lib(glew.obj)' is imported by 'Window.obj'
LINK : warning LNK4286: symbol 'glewExperimental' defined in 'libglew32.lib(glew.obj)' is imported by 'Window.obj'
  Proiect.vcxproj -> D:\An III\Sem 1 2021-2022\PG\Lab\#Proiect\x64\Release\Proiect.exe
